<?xml version="1.0" encoding="UTF-8"?>
<testsuite name="com.employeepayrollservice.EmployeePayrollTest" tests="1" skipped="0" failures="0" errors="0" timestamp="2021-05-21T07:43:45" hostname="HACKERNAMAN" time="1.149">
  <properties/>
  <testcase name="givenNewSalaryForEmployee_WhenUpdated_ShouldMatch200Response()" classname="com.employeepayrollservice.EmployeePayrollTest" time="1.149"/>
  <system-out><![CDATA[EMPLOYEE PAYROLL ENTRIES IN JSONServer:
[
  {
    "id": 1,
    "name": "Jeff Bezos",
    "gender": "M",
    "salary": 100000,
    "startDate": {
      "year": 2020,
      "month": 11,
      "day": 1
    }
  },
  {
    "id": 2,
    "name": "Bill Gates",
    "gender": "M",
    "salary": 200000,
    "startDate": {
      "year": 2020,
      "month": 11,
      "day": 1
    }
  },
  {
    "id": 3,
    "name": "Mark Zuckerberg",
    "gender": "M",
    "salary": 30000,
    "startDate": {
      "year": 2021,
      "month": 5,
      "day": 21
    }
  },
  {
    "id": 4,
    "name": "Sunder",
    "gender": "M",
    "salary": 2120000,
    "startDate": {
      "year": 2021,
      "month": 5,
      "day": 21
    }
  },
  {
    "id": 5,
    "name": "Mukesh",
    "gender": "M",
    "salary": 2000000,
    "startDate": {
      "year": 2021,
      "month": 5,
      "day": 21
    }
  },
  {
    "id": 6,
    "name": "Anil",
    "gender": "M",
    "salary": 2230000,
    "startDate": {
      "year": 2021,
      "month": 5,
      "day": 21
    }
  }
]
]]></system-out>
  <system-err><![CDATA[]]></system-err>
</testsuite>
